<?xml version="1.0" encoding="UTF-8"?>
<testng-results ignored="0" total="1" passed="1" failed="0" skipped="0">
  <reporter-output>
  </reporter-output>
  <suite started-at="2023-10-06T01:11:18 IST" name="Default suite" finished-at="2023-10-06T01:11:22 IST" duration-ms="3935">
    <groups>
    </groups>
    <test started-at="2023-10-06T01:11:18 IST" name="Default test" finished-at="2023-10-06T01:11:22 IST" duration-ms="3935">
      <class name="traningPackage.getrequest">
        <test-method signature="getRequest()[pri:0, instance:traningPackage.getrequest@21282ed8]" started-at="2023-10-06T01:11:18 IST" name="getRequest" finished-at="2023-10-06T01:11:22 IST" duration-ms="3874" status="PASS">
          <reporter-output>
          </reporter-output>
        </test-method> <!-- getRequest -->
      </class> <!-- traningPackage.getrequest -->
    </test> <!-- Default test -->
  </suite> <!-- Default suite -->
</testng-results>
